[ 2018-03-13T21:15:10+08:00 ] 127.0.0.1 /
INFO: [ app_init ] --START--
INFO: Run Behavior\BuildLiteBehavior [ RunTime:0.000056s ]
INFO: [ app_init ] --END-- [ RunTime:0.026505s ]
INFO: [ app_begin ] --START--
INFO: Run Behavior\ReadHtmlCacheBehavior [ RunTime:0.029766s ]
INFO: [ app_begin ] --END-- [ RunTime:0.029883s ]
SQL: SHOW COLUMNS FROM `article` [ RunTime:0.1863s ]
SQL: SELECT * FROM `article`  [ RunTime:0.0232s ]
NOTIC: [2] Missing argument 1 for Think\Controller::show(), called in C:\wamp64\www\tp3\Application\Home\Controller\IndexController.class.php on line 17 and defined C:\wamp64\www\tp3\ThinkPHP\Library\Think\Controller.class.php 第 68 行.
NOTIC: [8] Undefined variable: content C:\wamp64\www\tp3\ThinkPHP\Library\Think\Controller.class.php 第 69 行.
INFO: [ view_parse ] --START--
INFO: [ template_filter ] --START--
INFO: Run Behavior\ContentReplaceBehavior [ RunTime:0.004529s ]
INFO: [ template_filter ] --END-- [ RunTime:0.004649s ]
INFO: Run Behavior\ParseTemplateBehavior [ RunTime:0.253885s ]
INFO: [ view_parse ] --END-- [ RunTime:0.254069s ]
INFO: [ view_filter ] --START--
INFO: Run Behavior\WriteHtmlCacheBehavior [ RunTime:0.012033s ]
INFO: [ view_filter ] --END-- [ RunTime:0.012134s ]
INFO: [ app_end ] --START--
INFO: Run Behavior\ShowPageTraceBehavior [ RunTime:0.020294s ]
INFO: [ app_end ] --END-- [ RunTime:0.020438s ]

